<?xml version="1.0" encoding="UTF-8"?>
<testng-results ignored="0" total="2" passed="2" failed="0" skipped="0">
  <reporter-output>
  </reporter-output>
  <suite started-at="2023-09-11T23:55:00 EDT" name="Default suite" finished-at="2023-09-11T23:55:25 EDT" duration-ms="25443">
    <groups>
      <group name="cucumber">
        <method signature="AbstractTestNGCucumberTests.feature(cucumber.api.testng.CucumberFeatureWrapper)[pri:0, instance:testRunner.runnerClass@7fd50002]" name="feature" class="cucumber.api.testng.AbstractTestNGCucumberTests"/>
      </group> <!-- cucumber -->
    </groups>
    <test started-at="2023-09-11T23:55:00 EDT" name="Default test" finished-at="2023-09-11T23:55:25 EDT" duration-ms="25443">
      <class name="testRunner.runnerClass">
        <test-method is-config="true" signature="setUpClass()[pri:0, instance:testRunner.runnerClass@7fd50002]" started-at="2023-09-11T23:55:00 EDT" name="setUpClass" finished-at="2023-09-11T23:55:00 EDT" duration-ms="163" status="PASS">
          <reporter-output>
          </reporter-output>
        </test-method> <!-- setUpClass -->
        <test-method signature="feature(cucumber.api.testng.CucumberFeatureWrapper)[pri:0, instance:testRunner.runnerClass@7fd50002]" started-at="2023-09-11T23:55:00 EDT" name="feature" description="Runs Cucumber Feature" data-provider="features" finished-at="2023-09-11T23:55:14 EDT" duration-ms="13850" status="PASS">
          <params>
            <param index="0">
              <value>
                <![CDATA[]]>
              </value>
            </param>
          </params>
          <reporter-output>
          </reporter-output>
        </test-method> <!-- feature -->
        <test-method signature="feature(cucumber.api.testng.CucumberFeatureWrapper)[pri:0, instance:testRunner.runnerClass@7fd50002]" started-at="2023-09-11T23:55:14 EDT" name="feature" description="Runs Cucumber Feature" data-provider="features" finished-at="2023-09-11T23:55:25 EDT" duration-ms="11334" status="PASS">
          <params>
            <param index="0">
              <value>
                <![CDATA[This is a feature for verify search button fuctionality.]]>
              </value>
            </param>
          </params>
          <reporter-output>
          </reporter-output>
        </test-method> <!-- feature -->
        <test-method is-config="true" signature="tearDownClass()[pri:0, instance:testRunner.runnerClass@7fd50002]" started-at="2023-09-11T23:55:25 EDT" name="tearDownClass" finished-at="2023-09-11T23:55:25 EDT" duration-ms="15" status="PASS">
          <reporter-output>
          </reporter-output>
        </test-method> <!-- tearDownClass -->
      </class> <!-- testRunner.runnerClass -->
    </test> <!-- Default test -->
  </suite> <!-- Default suite -->
</testng-results>
